\\mac\home\documents\development\rubberband-1.9.0\x64\debug\rubberband-library.lib
\\mac\home\documents\development\rubberband-1.9.0\x64\debug\rubberband-library.pdb
\\mac\home\documents\development\rubberband-1.9.0\x64\debug\thread.obj
\\mac\home\documents\development\rubberband-1.9.0\x64\debug\sysutils.obj
\\mac\home\documents\development\rubberband-1.9.0\x64\debug\allocators.obj
\\mac\home\documents\development\rubberband-1.9.0\x64\debug\stretcherprocess.obj
\\mac\home\documents\development\rubberband-1.9.0\x64\debug\stretcherimpl.obj
\\mac\home\documents\development\rubberband-1.9.0\x64\debug\stretcherchanneldata.obj
\\mac\home\documents\development\rubberband-1.9.0\x64\debug\stretchcalculator.obj
\\mac\home\documents\development\rubberband-1.9.0\x64\debug\rubberbandstretcher.obj
\\mac\home\documents\development\rubberband-1.9.0\x64\debug\rubberband-c.obj
\\mac\home\documents\development\rubberband-1.9.0\x64\debug\resampler.obj
\\mac\home\documents\development\rubberband-1.9.0\x64\debug\fft.obj
\\mac\home\documents\development\rubberband-1.9.0\x64\debug\audiocurvecalculator.obj
\\mac\home\documents\development\rubberband-1.9.0\x64\debug\profiler.obj
\\mac\home\documents\development\rubberband-1.9.0\x64\debug\spectraldifferenceaudiocurve.obj
\\mac\home\documents\development\rubberband-1.9.0\x64\debug\silentaudiocurve.obj
\\mac\home\documents\development\rubberband-1.9.0\x64\debug\percussiveaudiocurve.obj
\\mac\home\documents\development\rubberband-1.9.0\x64\debug\highfrequencyaudiocurve.obj
\\mac\home\documents\development\rubberband-1.9.0\x64\debug\constantaudiocurve.obj
\\mac\home\documents\development\rubberband-1.9.0\x64\debug\compoundaudiocurve.obj
\\mac\home\documents\development\rubberband-1.9.0\x64\debug\resample.obj
\\mac\home\documents\development\rubberband-1.9.0\x64\debug\kiss_fftr.obj
\\mac\home\documents\development\rubberband-1.9.0\x64\debug\kiss_fft.obj
\\mac\home\documents\development\rubberband-1.9.0\x64\debug\rubberba.020ceb11.tlog\metagen.write.1.tlog
\\mac\home\documents\development\rubberband-1.9.0\x64\debug\rubberba.020ceb11.tlog\cl.read.1.tlog
\\mac\home\documents\development\rubberband-1.9.0\x64\debug\rubberba.020ceb11.tlog\lib.command.1.tlog
\\mac\home\documents\development\rubberband-1.9.0\x64\debug\rubberba.020ceb11.tlog\cl.command.1.tlog
\\mac\home\documents\development\rubberband-1.9.0\x64\debug\rubberba.020ceb11.tlog\lib-link.read.1.tlog
\\mac\home\documents\development\rubberband-1.9.0\x64\debug\rubberba.020ceb11.tlog\lib-link.write.1.tlog
\\mac\home\documents\development\rubberband-1.9.0\x64\debug\rubberba.020ceb11.tlog\cl.write.1.tlog
\\mac\home\documents\development\rubberband-1.9.0\x64\debug\rubberba.020ceb11.tlog\metagen.read.1.tlog
