  CompoundAudioCurve.cpp
  ConstantAudioCurve.cpp
  HighFrequencyAudioCurve.cpp
  PercussiveAudioCurve.cpp
  SilentAudioCurve.cpp
  SpectralDifferenceAudioCurve.cpp
  Profiler.cpp
  AudioCurveCalculator.cpp
  FFT.cpp
  Resampler.cpp
  rubberband-c.cpp
  RubberBandStretcher.cpp
  StretchCalculator.cpp
  StretcherChannelData.cpp
  StretcherImpl.cpp
\\Mac\Home\Documents\Development\rubberband-1.9.0\src\dsp\Window.h(136,1): warning C4305: 'argument': truncation from 'double' to 'T'
          with
          [
              T=float
          ]
\\Mac\Home\Documents\Development\rubberband-1.9.0\src\dsp\Window.h(113): message : while compiling class template member function 'void RubberBand::Window<float>::encache(void)'
\\Mac\Home\Documents\Development\rubberband-1.9.0\src\dsp\Window.h(57): message : see reference to function template instantiation 'void RubberBand::Window<float>::encache(void)' being compiled
\\Mac\Home\Documents\Development\rubberband-1.9.0\src\StretcherImpl.cpp(212): message : see reference to class template instantiation 'RubberBand::Window<float>' being compiled
\\Mac\Home\Documents\Development\rubberband-1.9.0\src\dsp\Window.h(144,1): warning C4305: 'argument': truncation from 'double' to 'T'
          with
          [
              T=float
          ]
\\Mac\Home\Documents\Development\rubberband-1.9.0\src\dsp\Window.h(171,1): warning C4305: 'argument': truncation from 'double' to 'T'
          with
          [
              T=float
          ]
\\Mac\Home\Documents\Development\rubberband-1.9.0\src\dsp\Window.h(175,1): warning C4305: 'argument': truncation from 'double' to 'T'
          with
          [
              T=float
          ]
  StretcherProcess.cpp
\\Mac\Home\Documents\Development\rubberband-1.9.0\src\StretcherProcess.cpp(771,28): warning C4244: 'initializing': conversion from 'size_t' to 'RubberBand::process_t', possible loss of data
\\Mac\Home\Documents\Development\rubberband-1.9.0\src\StretcherProcess.cpp(771,26): warning C4244: 'initializing': conversion from 'size_t' to 'const RubberBand::process_t', possible loss of data
  Allocators.cpp
  sysutils.cpp
  Thread.cpp
  Generating Code...
  kiss_fft.c
  kiss_fftr.c
  resample.c
  Generating Code...
  rubberband-library.vcxproj -> \\Mac\Home\Documents\Development\rubberband-1.9.0\x64\Debug\rubberband-library.lib
